<?xml version="1.0" encoding="UTF-8"?>
<testsuite xmlns:xsi="http://www.w3.org/2001/XMLSchema-instance" xsi:noNamespaceSchemaLocation="https://maven.apache.org/surefire/maven-surefire-plugin/xsd/surefire-test-report-3.0.xsd" version="3.0" name="com.hedging.engine.service.PortfolioServiceTest" time="7.989" tests="6" errors="0" skipped="0" failures="0">
  <properties>
[...]
</properties>
  <testcase name="applyDecision_duplicateDecision_shouldThrowIllegalStateException" classname="com.hedging.engine.service.PortfolioServiceTest" time="0.866">
    <system-out><![CDATA[20:15:11.943 [main] INFO org.springframework.test.context.support.AnnotationConfigContextLoaderUtils -- Could not detect default configuration classes for test class [com.hedging.engine.service.PortfolioServiceTest]: PortfolioServiceTest does not declare any static, non-private, non-final, nested classes annotated with @Configuration.
20:15:12.087 [main] INFO org.springframework.boot.test.context.SpringBootTestContextBootstrapper -- Found @SpringBootConfiguration com.hedging.engine.MindAssetHedgingEngineApplication for test class com.hedging.engine.service.PortfolioServiceTest

  .   ____          _            __ _ _
 /\\ / ___'_ __ _ _(_)_ __  __ _ \ \ \ \
( ( )\___ | '_ | '_| | '_ \/ _` | \ \ \ \
 \\/  ___)| |_)| | | | | || (_| |  ) ) ) )
  '  |____| .__|_| |_|_| |_\__, | / / / /
 =========|_|==============|___/=/_/_/_/

 :: Spring Boot ::                (v3.3.5)

2026-06-30T20:15:12.556+08:00  INFO 70260 --- [mind-asset-hedging-engine] [           main] c.h.engine.service.PortfolioServiceTest  : Starting PortfolioServiceTest using Java 19.0.2 with PID 70260 (started by fangming in E:\人力资源对冲与情绪RIO\backend)
2026-06-30T20:15:12.556+08:00 DEBUG 70260 --- [mind-asset-hedging-engine] [           main] c.h.engine.service.PortfolioServiceTest  : Running with Spring Boot v3.3.5, Spring v6.1.14
2026-06-30T20:15:12.558+08:00  INFO 70260 --- [mind-asset-hedging-engine] [           main] c.h.engine.service.PortfolioServiceTest  : No active profile set, falling back to 1 default profile: "default"
2026-06-30T20:15:13.030+08:00  INFO 70260 --- [mind-asset-hedging-engine] [           main] .s.d.r.c.RepositoryConfigurationDelegate : Bootstrapping Spring Data JPA repositories in DEFAULT mode.
2026-06-30T20:15:13.117+08:00  INFO 70260 --- [mind-asset-hedging-engine] [           main] .s.d.r.c.RepositoryConfigurationDelegate : Finished Spring Data repository scanning in 76 ms. Found 3 JPA repository interfaces.
2026-06-30T20:15:13.193+08:00  INFO 70260 --- [mind-asset-hedging-engine] [           main] beddedDataSourceBeanFactoryPostProcessor : Replacing 'dataSource' DataSource bean with embedded version
2026-06-30T20:15:13.421+08:00  INFO 70260 --- [mind-asset-hedging-engine] [           main] o.s.j.d.e.EmbeddedDatabaseFactory        : Starting embedded database: url='jdbc:h2:mem:56c3a21f-0590-4513-9944-f2df76f09b64;DB_CLOSE_DELAY=-1;DB_CLOSE_ON_EXIT=false', username='sa'
2026-06-30T20:15:13.842+08:00  INFO 70260 --- [mind-asset-hedging-engine] [           main] o.hibernate.jpa.internal.util.LogHelper  : HHH000204: Processing PersistenceUnitInfo [name: default]
2026-06-30T20:15:14.000+08:00  INFO 70260 --- [mind-asset-hedging-engine] [           main] org.hibernate.Version                    : HHH000412: Hibernate ORM core version 6.5.3.Final
2026-06-30T20:15:14.087+08:00  INFO 70260 --- [mind-asset-hedging-engine] [           main] o.h.c.internal.RegionFactoryInitiator    : HHH000026: Second-level cache disabled
2026-06-30T20:15:14.788+08:00  INFO 70260 --- [mind-asset-hedging-engine] [           main] o.s.o.j.p.SpringPersistenceUnitInfo      : No LoadTimeWeaver setup: ignoring JPA class transformer
2026-06-30T20:15:14.906+08:00  WARN 70260 --- [mind-asset-hedging-engine] [           main] org.hibernate.orm.deprecation            : HHH90000025: H2Dialect does not need to be specified explicitly using 'hibernate.dialect' (remove the property setting and it will be selected by default)
2026-06-30T20:15:16.542+08:00  INFO 70260 --- [mind-asset-hedging-engine] [           main] o.h.e.t.j.p.i.JtaPlatformInitiator       : HHH000489: No JTA platform available (set 'hibernate.transaction.jta.platform' to enable JTA platform integration)
Hibernate: 
    create table alternative_usage (
        id bigint generated by default as identity,
        title varchar(255) not null,
        used_at timestamp(6),
        primary key (id)
    )
Hibernate: 
    create table hedge_event (
        id bigint generated by default as identity,
        amount float(53),
        analysis_message varchar(3000),
        created_at timestamp(6),
        decided_at timestamp(6),
        decision_status enum ('ACCEPTED_HEDGE','PENDING','REJECTED_HEDGE'),
        cash_flow_delta float(53),
        core_capital_delta float(53),
        emotionalroidelta float(53),
        risk_exposure_delta float(53),
        hedge_suggestion varchar(2000),
        original_intention varchar(2000),
        primary key (id)
    )
Hibernate: 
    create table portfolio_state (
        id bigint generated by default as identity,
        cash_flow_health float(53),
        core_capital float(53),
        emotionalroi float(53),
        risk_exposure float(53),
        saved_money float(53),
        total_decisions integer,
        primary key (id)
    )
2026-06-30T20:15:16.648+08:00  INFO 70260 --- [mind-asset-hedging-engine] [           main] j.LocalContainerEntityManagerFactoryBean : Initialized JPA EntityManagerFactory for persistence unit 'default'
2026-06-30T20:15:17.485+08:00  INFO 70260 --- [mind-asset-hedging-engine] [           main] o.s.d.j.r.query.QueryEnhancerFactory     : Hibernate is in classpath; If applicable, HQL parser will be used.
2026-06-30T20:15:18.330+08:00  INFO 70260 --- [mind-asset-hedging-engine] [           main] c.h.engine.service.PortfolioServiceTest  : Started PortfolioServiceTest in 6.163 seconds (process running for 7.713)
Hibernate: 
    select
        ps1_0.id,
        ps1_0.cash_flow_health,
        ps1_0.core_capital,
        ps1_0.emotionalroi,
        ps1_0.risk_exposure,
        ps1_0.saved_money,
        ps1_0.total_decisions 
    from
        portfolio_state ps1_0
Hibernate: 
    insert 
    into
        portfolio_state
        (cash_flow_health, core_capital, emotionalroi, risk_exposure, saved_money, total_decisions, id) 
    values
        (?, ?, ?, ?, ?, ?, default)
Hibernate: 
    select
        ps1_0.id,
        ps1_0.cash_flow_health,
        ps1_0.core_capital,
        ps1_0.emotionalroi,
        ps1_0.risk_exposure,
        ps1_0.saved_money,
        ps1_0.total_decisions 
    from
        portfolio_state ps1_0
Hibernate: 
    select
        he1_0.id,
        he1_0.amount,
        he1_0.analysis_message,
        he1_0.created_at,
        he1_0.decided_at,
        he1_0.decision_status,
        he1_0.cash_flow_delta,
        he1_0.core_capital_delta,
        he1_0.emotionalroidelta,
        he1_0.risk_exposure_delta,
        he1_0.hedge_suggestion,
        he1_0.original_intention 
    from
        hedge_event he1_0
Hibernate: 
    delete 
    from
        portfolio_state 
    where
        id=?
Hibernate: 
    select
        ps1_0.id,
        ps1_0.cash_flow_health,
        ps1_0.core_capital,
        ps1_0.emotionalroi,
        ps1_0.risk_exposure,
        ps1_0.saved_money,
        ps1_0.total_decisions 
    from
        portfolio_state ps1_0
Hibernate: 
    insert 
    into
        portfolio_state
        (cash_flow_health, core_capital, emotionalroi, risk_exposure, saved_money, total_decisions, id) 
    values
        (?, ?, ?, ?, ?, ?, default)
Hibernate: 
    insert 
    into
        hedge_event
        (amount, analysis_message, created_at, decided_at, decision_status, cash_flow_delta, core_capital_delta, emotionalroidelta, risk_exposure_delta, hedge_suggestion, original_intention, id) 
    values
        (?, ?, ?, ?, ?, ?, ?, ?, ?, ?, ?, default)
Hibernate: 
    select
        ps1_0.id,
        ps1_0.cash_flow_health,
        ps1_0.core_capital,
        ps1_0.emotionalroi,
        ps1_0.risk_exposure,
        ps1_0.saved_money,
        ps1_0.total_decisions 
    from
        portfolio_state ps1_0
]]></system-out>
  </testcase>
  <testcase name="initializeState_shouldCreateDefaultStateWhenEmpty" classname="com.hedging.engine.service.PortfolioServiceTest" time="0.055">
    <system-out><![CDATA[Hibernate: 
    select
        ps1_0.id,
        ps1_0.cash_flow_health,
        ps1_0.core_capital,
        ps1_0.emotionalroi,
        ps1_0.risk_exposure,
        ps1_0.saved_money,
        ps1_0.total_decisions 
    from
        portfolio_state ps1_0
Hibernate: 
    select
        he1_0.id,
        he1_0.amount,
        he1_0.analysis_message,
        he1_0.created_at,
        he1_0.decided_at,
        he1_0.decision_status,
        he1_0.cash_flow_delta,
        he1_0.core_capital_delta,
        he1_0.emotionalroidelta,
        he1_0.risk_exposure_delta,
        he1_0.hedge_suggestion,
        he1_0.original_intention 
    from
        hedge_event he1_0
Hibernate: 
    delete 
    from
        portfolio_state 
    where
        id=?
Hibernate: 
    select
        ps1_0.id,
        ps1_0.cash_flow_health,
        ps1_0.core_capital,
        ps1_0.emotionalroi,
        ps1_0.risk_exposure,
        ps1_0.saved_money,
        ps1_0.total_decisions 
    from
        portfolio_state ps1_0
Hibernate: 
    insert 
    into
        portfolio_state
        (cash_flow_health, core_capital, emotionalroi, risk_exposure, saved_money, total_decisions, id) 
    values
        (?, ?, ?, ?, ?, ?, default)
Hibernate: 
    select
        count(*) 
    from
        portfolio_state ps1_0
]]></system-out>
  </testcase>
  <testcase name="initializeState_shouldReturnExistingStateWhenAlreadyPresent" classname="com.hedging.engine.service.PortfolioServiceTest" time="0.027">
    <system-out><![CDATA[Hibernate: 
    select
        ps1_0.id,
        ps1_0.cash_flow_health,
        ps1_0.core_capital,
        ps1_0.emotionalroi,
        ps1_0.risk_exposure,
        ps1_0.saved_money,
        ps1_0.total_decisions 
    from
        portfolio_state ps1_0
Hibernate: 
    select
        he1_0.id,
        he1_0.amount,
        he1_0.analysis_message,
        he1_0.created_at,
        he1_0.decided_at,
        he1_0.decision_status,
        he1_0.cash_flow_delta,
        he1_0.core_capital_delta,
        he1_0.emotionalroidelta,
        he1_0.risk_exposure_delta,
        he1_0.hedge_suggestion,
        he1_0.original_intention 
    from
        hedge_event he1_0
Hibernate: 
    delete 
    from
        portfolio_state 
    where
        id=?
Hibernate: 
    select
        ps1_0.id,
        ps1_0.cash_flow_health,
        ps1_0.core_capital,
        ps1_0.emotionalroi,
        ps1_0.risk_exposure,
        ps1_0.saved_money,
        ps1_0.total_decisions 
    from
        portfolio_state ps1_0
Hibernate: 
    insert 
    into
        portfolio_state
        (cash_flow_health, core_capital, emotionalroi, risk_exposure, saved_money, total_decisions, id) 
    values
        (?, ?, ?, ?, ?, ?, default)
Hibernate: 
    select
        ps1_0.id,
        ps1_0.cash_flow_health,
        ps1_0.core_capital,
        ps1_0.emotionalroi,
        ps1_0.risk_exposure,
        ps1_0.saved_money,
        ps1_0.total_decisions 
    from
        portfolio_state ps1_0
Hibernate: 
    select
        count(*) 
    from
        portfolio_state ps1_0
]]></system-out>
  </testcase>
  <testcase name="saveEvaluatedEvent_shouldPersistPendingEvent" classname="com.hedging.engine.service.PortfolioServiceTest" time="0.061">
    <system-out><![CDATA[Hibernate: 
    select
        ps1_0.id,
        ps1_0.cash_flow_health,
        ps1_0.core_capital,
        ps1_0.emotionalroi,
        ps1_0.risk_exposure,
        ps1_0.saved_money,
        ps1_0.total_decisions 
    from
        portfolio_state ps1_0
Hibernate: 
    select
        he1_0.id,
        he1_0.amount,
        he1_0.analysis_message,
        he1_0.created_at,
        he1_0.decided_at,
        he1_0.decision_status,
        he1_0.cash_flow_delta,
        he1_0.core_capital_delta,
        he1_0.emotionalroidelta,
        he1_0.risk_exposure_delta,
        he1_0.hedge_suggestion,
        he1_0.original_intention 
    from
        hedge_event he1_0
Hibernate: 
    insert 
    into
        hedge_event
        (amount, analysis_message, created_at, decided_at, decision_status, cash_flow_delta, core_capital_delta, emotionalroidelta, risk_exposure_delta, hedge_suggestion, original_intention, id) 
    values
        (?, ?, ?, ?, ?, ?, ?, ?, ?, ?, ?, default)
Hibernate: 
    select
        he1_0.id,
        he1_0.amount,
        he1_0.analysis_message,
        he1_0.created_at,
        he1_0.decided_at,
        he1_0.decision_status,
        he1_0.cash_flow_delta,
        he1_0.core_capital_delta,
        he1_0.emotionalroidelta,
        he1_0.risk_exposure_delta,
        he1_0.hedge_suggestion,
        he1_0.original_intention 
    from
        hedge_event he1_0 
    order by
        he1_0.created_at desc
]]></system-out>
  </testcase>
  <testcase name="applyDecision_rejectedHedge_shouldDecreaseCoreCapitalAndIncreaseRiskExposure" classname="com.hedging.engine.service.PortfolioServiceTest" time="0.035">
    <system-out><![CDATA[Hibernate: 
    select
        ps1_0.id,
        ps1_0.cash_flow_health,
        ps1_0.core_capital,
        ps1_0.emotionalroi,
        ps1_0.risk_exposure,
        ps1_0.saved_money,
        ps1_0.total_decisions 
    from
        portfolio_state ps1_0
Hibernate: 
    select
        he1_0.id,
        he1_0.amount,
        he1_0.analysis_message,
        he1_0.created_at,
        he1_0.decided_at,
        he1_0.decision_status,
        he1_0.cash_flow_delta,
        he1_0.core_capital_delta,
        he1_0.emotionalroidelta,
        he1_0.risk_exposure_delta,
        he1_0.hedge_suggestion,
        he1_0.original_intention 
    from
        hedge_event he1_0
Hibernate: 
    delete 
    from
        portfolio_state 
    where
        id=?
Hibernate: 
    select
        ps1_0.id,
        ps1_0.cash_flow_health,
        ps1_0.core_capital,
        ps1_0.emotionalroi,
        ps1_0.risk_exposure,
        ps1_0.saved_money,
        ps1_0.total_decisions 
    from
        portfolio_state ps1_0
Hibernate: 
    insert 
    into
        portfolio_state
        (cash_flow_health, core_capital, emotionalroi, risk_exposure, saved_money, total_decisions, id) 
    values
        (?, ?, ?, ?, ?, ?, default)
Hibernate: 
    insert 
    into
        hedge_event
        (amount, analysis_message, created_at, decided_at, decision_status, cash_flow_delta, core_capital_delta, emotionalroidelta, risk_exposure_delta, hedge_suggestion, original_intention, id) 
    values
        (?, ?, ?, ?, ?, ?, ?, ?, ?, ?, ?, default)
Hibernate: 
    select
        ps1_0.id,
        ps1_0.cash_flow_health,
        ps1_0.core_capital,
        ps1_0.emotionalroi,
        ps1_0.risk_exposure,
        ps1_0.saved_money,
        ps1_0.total_decisions 
    from
        portfolio_state ps1_0
]]></system-out>
  </testcase>
  <testcase name="applyDecision_acceptedHedge_shouldIncreaseCoreCapitalAndEmotionalROI" classname="com.hedging.engine.service.PortfolioServiceTest" time="0.032">
    <system-out><![CDATA[Hibernate: 
    select
        ps1_0.id,
        ps1_0.cash_flow_health,
        ps1_0.core_capital,
        ps1_0.emotionalroi,
        ps1_0.risk_exposure,
        ps1_0.saved_money,
        ps1_0.total_decisions 
    from
        portfolio_state ps1_0
Hibernate: 
    select
        he1_0.id,
        he1_0.amount,
        he1_0.analysis_message,
        he1_0.created_at,
        he1_0.decided_at,
        he1_0.decision_status,
        he1_0.cash_flow_delta,
        he1_0.core_capital_delta,
        he1_0.emotionalroidelta,
        he1_0.risk_exposure_delta,
        he1_0.hedge_suggestion,
        he1_0.original_intention 
    from
        hedge_event he1_0
Hibernate: 
    delete 
    from
        portfolio_state 
    where
        id=?
Hibernate: 
    select
        ps1_0.id,
        ps1_0.cash_flow_health,
        ps1_0.core_capital,
        ps1_0.emotionalroi,
        ps1_0.risk_exposure,
        ps1_0.saved_money,
        ps1_0.total_decisions 
    from
        portfolio_state ps1_0
Hibernate: 
    insert 
    into
        portfolio_state
        (cash_flow_health, core_capital, emotionalroi, risk_exposure, saved_money, total_decisions, id) 
    values
        (?, ?, ?, ?, ?, ?, default)
Hibernate: 
    insert 
    into
        hedge_event
        (amount, analysis_message, created_at, decided_at, decision_status, cash_flow_delta, core_capital_delta, emotionalroidelta, risk_exposure_delta, hedge_suggestion, original_intention, id) 
    values
        (?, ?, ?, ?, ?, ?, ?, ?, ?, ?, ?, default)
Hibernate: 
    select
        ps1_0.id,
        ps1_0.cash_flow_health,
        ps1_0.core_capital,
        ps1_0.emotionalroi,
        ps1_0.risk_exposure,
        ps1_0.saved_money,
        ps1_0.total_decisions 
    from
        portfolio_state ps1_0
]]></system-out>
  </testcase>
</testsuite>